<?xml version="1.0" encoding="UTF-8"?>
<testng-results ignored="0" total="1" passed="1" failed="0" skipped="0">
  <reporter-output>
  </reporter-output>
  <suite started-at="2023-03-20T19:38:24 IST" name="Default suite" finished-at="2023-03-20T19:38:33 IST" duration-ms="8428">
    <groups>
    </groups>
    <test started-at="2023-03-20T19:38:24 IST" name="Default test" finished-at="2023-03-20T19:38:33 IST" duration-ms="8428">
      <class name="Logg.registerUser">
        <test-method signature="display()[pri:0, instance:Logg.registerUser@fba92d3]" started-at="2023-03-20T19:38:24 IST" name="display" finished-at="2023-03-20T19:38:33 IST" duration-ms="8349" status="PASS">
          <reporter-output>
          </reporter-output>
        </test-method> <!-- display -->
      </class> <!-- Logg.registerUser -->
    </test> <!-- Default test -->
  </suite> <!-- Default suite -->
</testng-results>
